  [4;36;1mSQL (0.4ms)[0m   [0;1m SELECT name
 FROM sqlite_master
 WHERE type = 'table' AND NOT name = 'sqlite_sequence'
[0m
  [4;35;1mSQL (0.1ms)[0m   [0mselect sqlite_version(*)[0m
  [4;36;1mSQL (3.1ms)[0m   [0;1mCREATE TABLE "schema_migrations" ("version" varchar(255) NOT NULL) [0m
  [4;35;1mSQL (1.2ms)[0m   [0mCREATE UNIQUE INDEX "unique_schema_migrations" ON "schema_migrations" ("version")[0m
  [4;36;1mSQL (0.3ms)[0m   [0;1m SELECT name
 FROM sqlite_master
 WHERE type = 'table' AND NOT name = 'sqlite_sequence'
[0m
  [4;35;1mSQL (0.1ms)[0m   [0mSELECT version FROM schema_migrations[0m
  [4;36;1mSQL (0.6ms)[0m   [0;1m SELECT name
 FROM sqlite_master
 WHERE type = 'table' AND NOT name = 'sqlite_sequence'
[0m
  [4;35;1mSQL (0.1ms)[0m   [0mSELECT version FROM schema_migrations[0m
Migrating to CreatePosts (20090512200349)
  [4;36;1mSQL (0.1ms)[0m   [0;1mselect sqlite_version(*)[0m
  [4;35;1mSQL (0.5ms)[0m   [0mCREATE TABLE "posts" ("id" INTEGER PRIMARY KEY AUTOINCREMENT NOT NULL, "title" varchar(255), "body" text, "tags" varchar(255), "created_at" datetime, "updated_at" datetime) [0m
  [4;36;1mSQL (0.1ms)[0m   [0;1mINSERT INTO schema_migrations (version) VALUES ('20090512200349')[0m
  [4;35;1mSQL (0.2ms)[0m   [0m SELECT name
 FROM sqlite_master
 WHERE type = 'table' AND NOT name = 'sqlite_sequence'
[0m
  [4;36;1mSQL (0.1ms)[0m   [0;1mSELECT version FROM schema_migrations[0m
  [4;35;1mSQL (0.1ms)[0m   [0m SELECT name
 FROM sqlite_master
 WHERE type = 'table' AND NOT name = 'sqlite_sequence'
[0m
  [4;36;1mSQL (0.1ms)[0m   [0;1mPRAGMA index_list("posts")[0m


Processing PostsController#index (for ::ffff:74.95.9.21 at 2009-05-12 13:06:38) [GET]

NameError (uninitialized constant PostsController::Posts):
  app/controllers/posts_controller.rb:5:in `index'
  /opt/ruby-1.8.7/lib/ruby/1.8/webrick/httpserver.rb:104:in `service'
  /opt/ruby-1.8.7/lib/ruby/1.8/webrick/httpserver.rb:65:in `run'
  /opt/ruby-1.8.7/lib/ruby/1.8/webrick/server.rb:173:in `start_thread'
  /opt/ruby-1.8.7/lib/ruby/1.8/webrick/server.rb:162:in `start'
  /opt/ruby-1.8.7/lib/ruby/1.8/webrick/server.rb:162:in `start_thread'
  /opt/ruby-1.8.7/lib/ruby/1.8/webrick/server.rb:95:in `start'
  /opt/ruby-1.8.7/lib/ruby/1.8/webrick/server.rb:92:in `each'
  /opt/ruby-1.8.7/lib/ruby/1.8/webrick/server.rb:92:in `start'
  /opt/ruby-1.8.7/lib/ruby/1.8/webrick/server.rb:23:in `start'
  /opt/ruby-1.8.7/lib/ruby/1.8/webrick/server.rb:82:in `start'

Rendered rescues/_trace (28.5ms)
Rendered rescues/_request_and_response (1.3ms)
Rendering rescues/layout (internal_server_error)


Processing ApplicationController#index (for ::ffff:74.95.9.21 at 2009-05-12 13:06:56) [GET]

ActionController::RoutingError (No route matches "/postss/" with {:method=>:get}):
  /opt/ruby-1.8.7/lib/ruby/1.8/webrick/httpserver.rb:104:in `service'
  /opt/ruby-1.8.7/lib/ruby/1.8/webrick/httpserver.rb:65:in `run'
  /opt/ruby-1.8.7/lib/ruby/1.8/webrick/server.rb:173:in `start_thread'
  /opt/ruby-1.8.7/lib/ruby/1.8/webrick/server.rb:162:in `start'
  /opt/ruby-1.8.7/lib/ruby/1.8/webrick/server.rb:162:in `start_thread'
  /opt/ruby-1.8.7/lib/ruby/1.8/webrick/server.rb:95:in `start'
  /opt/ruby-1.8.7/lib/ruby/1.8/webrick/server.rb:92:in `each'
  /opt/ruby-1.8.7/lib/ruby/1.8/webrick/server.rb:92:in `start'
  /opt/ruby-1.8.7/lib/ruby/1.8/webrick/server.rb:23:in `start'
  /opt/ruby-1.8.7/lib/ruby/1.8/webrick/server.rb:82:in `start'

Rendering rescues/layout (not_found)
  [4;36;1mSQL (0.7ms)[0m   [0;1m SELECT name
 FROM sqlite_master
 WHERE type = 'table' AND NOT name = 'sqlite_sequence'
[0m
  [4;35;1mSQL (0.2ms)[0m   [0mSELECT version FROM schema_migrations[0m
Migrating to CreatePosts (20090512200747)
  [4;36;1mSQL (0.1ms)[0m   [0;1mselect sqlite_version(*)[0m
  [4;35;1mSQL (0.0ms)[0m   [0mSQLite3::SQLException: table "posts" already exists: CREATE TABLE "posts" ("id" INTEGER PRIMARY KEY AUTOINCREMENT NOT NULL, "title" varchar(255), "body" text, "tags" text, "references" varchar(255), "created_at" datetime, "updated_at" datetime) [0m
  [4;36;1mSQL (0.4ms)[0m   [0;1m SELECT name
 FROM sqlite_master
 WHERE type = 'table' AND NOT name = 'sqlite_sequence'
[0m
  [4;35;1mSQL (0.1ms)[0m   [0mselect sqlite_version(*)[0m
  [4;36;1mSQL (3.8ms)[0m   [0;1mCREATE TABLE "schema_migrations" ("version" varchar(255) NOT NULL) [0m
  [4;35;1mSQL (1.1ms)[0m   [0mCREATE UNIQUE INDEX "unique_schema_migrations" ON "schema_migrations" ("version")[0m
  [4;36;1mSQL (0.1ms)[0m   [0;1m SELECT name
 FROM sqlite_master
 WHERE type = 'table' AND NOT name = 'sqlite_sequence'
[0m
  [4;35;1mSQL (0.1ms)[0m   [0mSELECT version FROM schema_migrations[0m
Migrating to CreatePosts (20090512200747)
  [4;36;1mSQL (0.3ms)[0m   [0;1mCREATE TABLE "posts" ("id" INTEGER PRIMARY KEY AUTOINCREMENT NOT NULL, "title" varchar(255), "body" text, "tags" text, "references" varchar(255), "created_at" datetime, "updated_at" datetime) [0m
  [4;35;1mSQL (0.1ms)[0m   [0mINSERT INTO schema_migrations (version) VALUES ('20090512200747')[0m
  [4;36;1mSQL (0.2ms)[0m   [0;1m SELECT name
 FROM sqlite_master
 WHERE type = 'table' AND NOT name = 'sqlite_sequence'
[0m
  [4;35;1mSQL (0.1ms)[0m   [0mSELECT version FROM schema_migrations[0m
  [4;36;1mSQL (0.1ms)[0m   [0;1m SELECT name
 FROM sqlite_master
 WHERE type = 'table' AND NOT name = 'sqlite_sequence'
[0m
  [4;35;1mSQL (0.0ms)[0m   [0mPRAGMA index_list("posts")[0m
  [4;36;1mSQL (0.7ms)[0m   [0;1m SELECT name
 FROM sqlite_master
 WHERE type = 'table' AND NOT name = 'sqlite_sequence'
[0m
  [4;35;1mSQL (0.1ms)[0m   [0mSELECT version FROM schema_migrations[0m
Migrating to CreatePosts (20090512200747)
  [4;36;1mSQL (0.1ms)[0m   [0;1mselect sqlite_version(*)[0m
  [4;35;1mSQL (0.2ms)[0m   [0m SELECT name
 FROM sqlite_master
 WHERE type = 'table' AND NOT name = 'sqlite_sequence'
[0m
  [4;36;1mSQL (0.1ms)[0m   [0;1mSELECT version FROM schema_migrations[0m
  [4;35;1mSQL (0.1ms)[0m   [0m SELECT name
 FROM sqlite_master
 WHERE type = 'table' AND NOT name = 'sqlite_sequence'
[0m
  [4;36;1mSQL (0.0ms)[0m   [0;1mPRAGMA index_list("posts")[0m


Processing PostsController#index (for ::ffff:74.95.9.21 at 2009-05-12 13:08:25) [GET]
  [4;36;1mPost Load (0.7ms)[0m   [0;1mSELECT * FROM "posts" [0m
Rendering template within layouts/posts
Rendering posts/index
Completed in 15ms (View: 11, DB: 1) | 200 OK [http://staging01.cytobank.org/posts/]


Processing PostsController#index to atom (for 127.0.0.1 at 2009-05-12 19:42:22) [GET]
  [4;36;1mPost Load (0.3ms)[0m   [0;1mSELECT * FROM "posts" [0m
Completed in 4ms (View: 0, DB: 0) | 406 Not Acceptable [http://localhost/posts.atom]


Processing PostsController#index (for 127.0.0.1 at 2009-05-12 19:42:32) [GET]
  [4;35;1mPost Load (0.4ms)[0m   [0mSELECT * FROM "posts" [0m
Rendering template within layouts/posts
Rendering posts/index
Completed in 7ms (View: 3, DB: 0) | 200 OK [http://localhost/posts]


Processing PostsController#index (for 127.0.0.1 at 2009-05-12 19:42:33) [GET]
  [4;36;1mPost Load (0.3ms)[0m   [0;1mSELECT * FROM "posts" [0m
Rendering template within layouts/posts
Rendering posts/index
Completed in 7ms (View: 3, DB: 0) | 200 OK [http://localhost/posts]
